

 1.  a-posteriori гЬлШЩвЮлцлЮлШ =  10.3073
     a-posteriori лмзабу ШзцбвайЮ =   3.21
     ЩШЯгжх ЬвЬмЯЬихШк =    9
     биалуиаж ЩЬвлайлжзжхЮйЮк =    92.7656



 2.  OI СУМОРЗЧЛДМДС ГИДУЗУМСДИС 

йбжзЬмцгЬдж  ймджиЯргтдЮ  лмзабу 
йЮгЬхж       ЫаЬчЯмдйЮ    ШзцбвайЮ 
               (grad)      (cc)  

     5        0.00000      1.61
    37       83.50658      1.61
    27       97.65519      1.61
    47      129.47928      1.61



 3.  ПИМАЙАС АПОТДКДСЛАТЧМ  

 йЮгЬхж  ЯтйЮ лЮвЬйбжзхжм  зШиШлуиЮйЮ  йнсвгШ       лмзабу     ЬерлЬиабс    
           I       II       (I+II)/2   зШиШлуиЮйЮк  ШзцбвайЮ   oгШвжзжаЮгтдж
                                                    йнсвгШлжк  йнсвгШ
        (grad)   (grad)      (grad)     (cc)          (cc)   

   5     0.0056   200.0071     0.0064    5.09         2.89       2.05
  37    83.5114   283.5124    83.5119   -5.16         2.89      -2.09
  27    97.6606   297.6614    97.6610   -0.28         2.89      -0.09
  47   129.4843   329.4860   129.4852    0.34         2.89       0.11

   5    50.0129   250.0166    50.0148   -4.16         2.89      -1.54
  37   133.5230   333.5210   133.5220    2.59         2.89       0.89
  27   147.6703   347.6705   147.6704    0.47         2.89       0.15
  47   179.4932   379.4959   179.4946    1.09         2.89       0.36

   5   100.0521   300.0524   100.0523   -1.66         2.89      -0.55
  37   183.5593   383.5589   183.5591    1.09         2.89       0.36
  27   197.7075   397.7076   197.7076   -0.53         2.89      -0.17
  47   229.5304    29.5332   229.5318    1.09         2.89       0.36

   5   150.0838   350.0848   150.0843    0.72         2.89       0.23
  37   233.5900    33.5919   233.5910    1.47         2.89       0.49
  27   247.7389    47.7400   247.7395    0.34         2.89       0.11
  47   279.5622    79.5643   279.5633   -2.53         2.89      -0.86

