

 1      

  ठ ᢣ 壘 (cc) :   210.0
   ᢣ 壘 (cm) :    x =    17.2
                                        y =    21.2
                                         =    27.3



 2   , OI     
    T   

                 
                                                    
        (grad)     (cc)       (m)      (cm)         x (m)      y (m)

                                                 10642.361   8812.129
  1    395.7540  -112.48     83.919     0.87     10494.366   8901.580
  2    117.6860    10.46     45.488     3.83     10568.925   8863.067
  3    267.3040    13.79     13.407     1.72     10600.085   8896.207
  4    146.2540    31.80     24.957     3.70     10613.105   8893.006
  5    245.7540    41.50     20.381     2.13     10633.659   8907.163
  6    282.4830    66.94     21.245    -2.48     10653.904   8904.811
  7    262.6680    91.31     27.182    -3.80     10657.276   8883.836
  8    186.4170    86.46     43.852    -3.81     10637.308   8865.393
  9    296.0070    92.70    138.064    -0.60     10612.119   8829.497
 10    399.6520  -112.47                         10494.366   8901.580
                                                 10642.361   8812.129



 3  a-posteriori 櫞 =  31.6789
    a-posteriori  桢 =   5.63
    㨠 垩 =    95.0367
